0 info it worked if it ends with ok
1 verbose cli [ '/usr/local/Cellar/node/6.2.0/bin/node',
1 verbose cli   '/usr/local/bin/npm',
1 verbose cli   'run',
1 verbose cli   'sass' ]
2 info using npm@3.8.9
3 info using node@v6.2.0
4 verbose run-script [ 'presass', 'sass', 'postsass' ]
5 info lifecycle fed-project-3@1.0.0~presass: fed-project-3@1.0.0
6 silly lifecycle fed-project-3@1.0.0~presass: no script for presass, continuing
7 info lifecycle fed-project-3@1.0.0~sass: fed-project-3@1.0.0
8 verbose lifecycle fed-project-3@1.0.0~sass: unsafe-perm in lifecycle true
9 verbose lifecycle fed-project-3@1.0.0~sass: PATH: /usr/local/lib/node_modules/npm/bin/node-gyp-bin:/Users/sparkuser/Documents/Project3-AModernEden/fed-final-project/node_modules/.bin:/usr/local/Cellar/node/6.2.0/bin:/usr/local/lib/node_modules/npm/bin/node-gyp-bin:/Users/sparkuser/Documents/Project3-AModernEden/fed-final-project/node_modules/.bin:/usr/local/Cellar/node/6.2.0/bin:/usr/local/lib/node_modules/npm/bin/node-gyp-bin:/Users/sparkuser/Documents/Project3-AModernEden/fed-final-project/node_modules/.bin:/usr/local/Cellar/node/6.2.0/bin:/usr/local/bin:/Users/sparkuser/.bin:/usr/local/bin:/usr/bin:/bin:/usr/sbin:/sbin:/Users/sparkuser/.rvm/bin
10 verbose lifecycle fed-project-3@1.0.0~sass: CWD: /Users/sparkuser/Documents/Project3-AModernEden/fed-final-project
11 silly lifecycle fed-project-3@1.0.0~sass: Args: [ '-c', 'node-sass src/scss/ -o dist/css' ]
12 silly lifecycle fed-project-3@1.0.0~sass: Returned: code: 1  signal: null
13 info lifecycle fed-project-3@1.0.0~sass: Failed to exec sass script
14 verbose stack Error: fed-project-3@1.0.0 sass: `node-sass src/scss/ -o dist/css`
14 verbose stack Exit status 1
14 verbose stack     at EventEmitter.<anonymous> (/usr/local/lib/node_modules/npm/lib/utils/lifecycle.js:245:16)
14 verbose stack     at emitTwo (events.js:106:13)
14 verbose stack     at EventEmitter.emit (events.js:191:7)
14 verbose stack     at ChildProcess.<anonymous> (/usr/local/lib/node_modules/npm/lib/utils/spawn.js:24:14)
14 verbose stack     at emitTwo (events.js:106:13)
14 verbose stack     at ChildProcess.emit (events.js:191:7)
14 verbose stack     at maybeClose (internal/child_process.js:850:16)
14 verbose stack     at Process.ChildProcess._handle.onexit (internal/child_process.js:215:5)
15 verbose pkgid fed-project-3@1.0.0
16 verbose cwd /Users/sparkuser/Documents/Project3-AModernEden/fed-final-project
17 error Darwin 15.6.0
18 error argv "/usr/local/Cellar/node/6.2.0/bin/node" "/usr/local/bin/npm" "run" "sass"
19 error node v6.2.0
20 error npm  v3.8.9
21 error code ELIFECYCLE
22 error fed-project-3@1.0.0 sass: `node-sass src/scss/ -o dist/css`
22 error Exit status 1
23 error Failed at the fed-project-3@1.0.0 sass script 'node-sass src/scss/ -o dist/css'.
23 error Make sure you have the latest version of node.js and npm installed.
23 error If you do, this is most likely a problem with the fed-project-3 package,
23 error not with npm itself.
23 error Tell the author that this fails on your system:
23 error     node-sass src/scss/ -o dist/css
23 error You can get information on how to open an issue for this project with:
23 error     npm bugs fed-project-3
23 error Or if that isn't available, you can get their info via:
23 error     npm owner ls fed-project-3
23 error There is likely additional logging output above.
24 verbose exit [ 1, true ]
